INFO  2014-09-25 21:59:16,614 16682ms Home                   Page_Load          - hello there
INFO  2014-09-25 23:09:12,931 15530ms Home                   Page_Load          - hello there
INFO  2014-09-25 23:09:15,555 18154ms Tester                 ProcessRequest     - Workbooks need at least one worksheet.
INFO  2014-09-25 23:09:15,607 18206ms Home                   Page_Load          - hello there
INFO  2014-09-25 23:33:59,243 13815ms Home                   Page_Load          - hello there
INFO  2014-09-25 23:34:42,235 56806ms Home                   Page_Load          - hello there
INFO  2014-09-25 23:37:16,670 211242ms Home                   Page_Load          - hello there
INFO  2014-09-25 23:52:07,867 12569ms Home                   Page_Load          - hello there
INFO  2014-09-25 23:52:10,176 14878ms ExcelOutput            ProcessRequest     - File Not Found
INFO  2014-09-25 23:52:10,220 14922ms Home                   Page_Load          - hello there
INFO  2014-09-25 23:54:43,525 13037ms Home                   Page_Load          - hello there
INFO  2014-09-25 23:54:45,167 14679ms ExcelOutput            ProcessRequest     - Object reference not set to an instance of an object.
INFO  2014-09-25 23:54:45,215 14727ms Home                   Page_Load          - hello there
INFO  2014-09-25 23:56:24,803 11783ms Home                   Page_Load          - hello there
INFO  2014-09-25 23:56:27,166 14146ms ExcelOutput            ProcessRequest     - Query exception
ASNA.DataGate.Common.dgException: File Not Found
   at ASNA.DataGate.DataLink.DataLink.ThrowExtendedError()
   at ASNA.DataGate.DataLink.DataLink.SndRcvParms(WriterDelegate outParms, ReaderDelegate inParms)
   at ASNA.DataGate.DataLink.DataLink.Call(MsgID msgID, WriterDelegate outParms, ReaderDelegate inParms)
   at ASNA.DataGate.DataLink.FileObject.get_FileAttr()
   at ASNA.DataGate.Client.FileFactory.MakeDataAttr(AdgConnection cn, String FileName, AccessMode mode, FileOpenAttr openAttr, AdgDataSet& ds, IFileData& fileProv, FileAttr& fileAttr)
   at ASNA.DataGate.Client.FileFactory.NewFileData(AdgConnection cn, String FileName, String MemberName, AccessMode mode, FileOpenAttr openAttr, AdgDataSet& ds)
   at ASNA.DataGate.Client.FileAdapter.OpenNewAdgDataSet(AdgDataSet& ds)
   at ASNA.Helpers.DataServices.QueryFile.ReadRowsWithPagedQuery(Int32 RecordsToRead)
   at ASNA.Helpers.DataServices.QueryFile.GetQueryRows(Int32 RecordsToRead)
   at ASNA.Helpers.DataServices.QueryFile.Exec()
INFO  2014-09-25 23:56:27,190 14170ms ExcelOutput            ProcessRequest     - File Not Found
INFO  2014-09-25 23:56:27,238 14218ms Home                   Page_Load          - hello there
INFO  2014-09-25 23:59:25,273 11164ms Home                   Page_Load          - hello there
INFO  2014-09-26 09:02:48,452  6930ms Home                   Page_Load          - hello there
INFO  2014-09-26 09:03:16,527 35005ms Home                   Page_Load          - hello there
INFO  2014-09-26 09:05:08,413 146891ms ExcelOutput            ProcessRequest     - QueryFile exception
ASNA.DataGate.Common.dgException: File Not Found
   at ASNA.DataGate.DataLink.DataLink.ThrowExtendedError()
   at ASNA.DataGate.DataLink.DataLink.SndRcvParms(WriterDelegate outParms, ReaderDelegate inParms)
   at ASNA.DataGate.DataLink.DataLink.Call(MsgID msgID, WriterDelegate outParms, ReaderDelegate inParms)
   at ASNA.DataGate.DataLink.FileObject.get_FileAttr()
   at ASNA.DataGate.Client.FileFactory.MakeDataAttr(AdgConnection cn, String FileName, AccessMode mode, FileOpenAttr openAttr, AdgDataSet& ds, IFileData& fileProv, FileAttr& fileAttr)
   at ASNA.DataGate.Client.FileFactory.NewFileData(AdgConnection cn, String FileName, String MemberName, AccessMode mode, FileOpenAttr openAttr, AdgDataSet& ds)
   at ASNA.DataGate.Client.FileAdapter.OpenNewAdgDataSet(AdgDataSet& ds)
   at ASNA.Helpers.DataServices.QueryFile.ReadRowsWithPagedQuery(Int32 RecordsToRead)
   at ASNA.Helpers.DataServices.QueryFile.GetQueryRows(Int32 RecordsToRead)
   at ASNA.Helpers.DataServices.QueryFile.Exec()
INFO  2014-09-26 09:05:08,483 146961ms Home                   Page_Load          - hello there
INFO  2014-09-26 09:12:49,766 608244ms Home                   Page_Load          - hello there
INFO  2014-09-26 09:12:52,369 610846ms ExcelOutput            ProcessRequest     - QueryFile exception
ASNA.DataGate.Common.dgException: File Not Found
   at ASNA.DataGate.DataLink.DataLink.ThrowExtendedError()
   at ASNA.DataGate.DataLink.DataLink.SndRcvParms(WriterDelegate outParms, ReaderDelegate inParms)
   at ASNA.DataGate.DataLink.DataLink.Call(MsgID msgID, WriterDelegate outParms, ReaderDelegate inParms)
   at ASNA.DataGate.DataLink.FileObject.get_FileAttr()
   at ASNA.DataGate.Client.FileFactory.MakeDataAttr(AdgConnection cn, String FileName, AccessMode mode, FileOpenAttr openAttr, AdgDataSet& ds, IFileData& fileProv, FileAttr& fileAttr)
   at ASNA.DataGate.Client.FileFactory.NewFileData(AdgConnection cn, String FileName, String MemberName, AccessMode mode, FileOpenAttr openAttr, AdgDataSet& ds)
   at ASNA.DataGate.Client.FileAdapter.OpenNewAdgDataSet(AdgDataSet& ds)
   at ASNA.Helpers.DataServices.QueryFile.ReadRowsWithPagedQuery(Int32 RecordsToRead)
   at ASNA.Helpers.DataServices.QueryFile.GetQueryRows(Int32 RecordsToRead)
   at ASNA.Helpers.DataServices.QueryFile.Exec()
INFO  2014-09-26 09:12:52,454 610932ms Home                   Page_Load          - hello there
INFO  2014-09-26 09:13:31,696 650174ms ExcelOutput            ProcessRequest     - QueryFile exception
ASNA.DataGate.Common.dgException: File Not Found
   at ASNA.DataGate.DataLink.DataLink.ThrowExtendedError()
   at ASNA.DataGate.DataLink.DataLink.SndRcvParms(WriterDelegate outParms, ReaderDelegate inParms)
   at ASNA.DataGate.DataLink.DataLink.Call(MsgID msgID, WriterDelegate outParms, ReaderDelegate inParms)
   at ASNA.DataGate.DataLink.FileObject.get_FileAttr()
   at ASNA.DataGate.Client.FileFactory.MakeDataAttr(AdgConnection cn, String FileName, AccessMode mode, FileOpenAttr openAttr, AdgDataSet& ds, IFileData& fileProv, FileAttr& fileAttr)
   at ASNA.DataGate.Client.FileFactory.NewFileData(AdgConnection cn, String FileName, String MemberName, AccessMode mode, FileOpenAttr openAttr, AdgDataSet& ds)
   at ASNA.DataGate.Client.FileAdapter.OpenNewAdgDataSet(AdgDataSet& ds)
   at ASNA.Helpers.DataServices.QueryFile.ReadRowsWithPagedQuery(Int32 RecordsToRead)
   at ASNA.Helpers.DataServices.QueryFile.GetQueryRows(Int32 RecordsToRead)
   at ASNA.Helpers.DataServices.QueryFile.Exec()
INFO  2014-09-26 09:13:31,810 650287ms Home                   Page_Load          - hello there
INFO  2014-09-26 15:36:21,816 20451ms Home                   Page_Load          - hello there
INFO  2014-09-30 17:09:43,486 59617ms Home                   Page_Load          - hello there
INFO  2014-10-01 21:19:33,097 37498ms Home                   Page_Load          - hello there
INFO  2014-10-06 15:32:03,972 171996ms Home                   Page_Load          - hello there
INFO  2014-10-06 15:44:07,738 23113ms Home                   Page_Load          - hello there
INFO  2014-10-06 15:46:40,811 15183ms Home                   Page_Load          - hello there
INFO  2014-10-07 12:01:32,039 44882ms Home                   Page_Load          - hello there
INFO  2014-10-09 15:19:18,265 17593ms Home                   Page_Load          - hello there
INFO  2014-10-10 07:43:01,414 19844ms Home                   Page_Load          - hello there
INFO  2014-10-10 07:43:03,347 21777ms Home                   Page_Load          - hello there
INFO  2014-10-10 07:43:03,361 21791ms ExcelExport            CreateSpreadsheet  - Hello, world from the new Excel class.
INFO  2014-10-10 07:44:42,664 121094ms Home                   Page_Load          - hello there
INFO  2014-10-10 07:44:44,463 122893ms Home                   Page_Load          - hello there
INFO  2014-10-10 07:44:44,464 122894ms ExcelExport            CreateSpreadsheet  - Hello, world from the new Excel class.
INFO  2014-10-14 13:37:05,408 401920ms Home                   Page_Load          - hello there
INFO  2014-10-14 13:37:14,496 411008ms Home                   Page_Load          - hello there
INFO  2014-10-14 13:37:14,590 411102ms ExcelExport            CreateSpreadsheet  - Hello, world from the new Excel class.
INFO  2014-10-15 15:20:11,771 202337ms Home                   Page_Load          - hello there
INFO  2014-10-15 15:20:14,528 205095ms Home                   Page_Load          - hello there
INFO  2014-10-15 15:20:14,541 205108ms ExcelExport            CreateSpreadsheet  - Hello, world from the new Excel class.
INFO  2014-10-15 15:20:52,900 243467ms Home                   Page_Load          - hello there
INFO  2014-10-15 15:54:02,828 2233395ms Home                   Page_Load          - hello there
INFO  2014-10-15 15:54:05,671 2236237ms Home                   Page_Load          - hello there
INFO  2014-10-15 15:54:05,673 2236239ms ExcelExport            CreateSpreadsheet  - Hello, world from the new Excel class.
INFO  2014-10-15 15:56:00,358 52349ms Home                   Page_Load          - hello there
INFO  2014-10-15 15:56:02,338 54329ms Home                   Page_Load          - hello there
INFO  2014-10-15 15:56:02,408 54399ms ExcelExport            CreateSpreadsheet  - Hello, world from the new Excel class.
INFO  2014-10-16 15:40:34,566 296834ms Home                   Page_Load          - hello there
INFO  2014-10-16 15:40:41,862 304130ms Home                   Page_Load          - hello there
INFO  2014-10-16 15:40:41,883 304151ms ExcelExport            CreateSpreadsheet  - Hello, world from the new Excel class.
INFO  2014-10-30 23:35:38,693 328474ms Home                   Page_Load          - hello there
INFO  2014-11-05 17:11:41,057 18997ms Home                   Page_Load          - hello there
INFO  2014-11-05 17:11:44,211 22151ms Home                   Page_Load          - hello there
INFO  2014-11-05 17:11:44,232 22172ms ExcelExport            CreateSpreadsheet  - Hello, world from the new Excel class.
INFO  2014-11-06 07:39:18,375 168459ms Home                   Page_Load          - hello there
INFO  2014-11-06 07:42:21,834 351918ms Home                   Page_Load          - hello there
INFO  2014-11-06 07:42:36,852 366936ms Home                   Page_Load          - hello there
INFO  2014-11-06 07:43:06,145 396229ms Home                   Page_Load          - hello there
INFO  2014-11-06 07:44:15,253 465337ms Home                   Page_Load          - hello there
INFO  2014-11-06 07:44:48,368 498452ms Home                   Page_Load          - hello there
INFO  2014-11-06 07:47:35,876 665960ms Home                   Page_Load          - hello there
INFO  2014-11-06 07:48:48,297 738381ms Home                   Page_Load          - hello there
INFO  2014-11-06 07:49:38,663 788747ms Home                   Page_Load          - hello there
INFO  2014-11-06 07:50:17,046 827130ms Home                   Page_Load          - hello there
INFO  2014-11-06 08:27:33,245 13582ms Home                   Page_Load          - hello there
INFO  2014-11-06 08:32:15,514 295851ms Home                   Page_Load          - hello there
INFO  2014-11-06 08:32:55,564 335901ms Home                   Page_Load          - hello there
INFO  2014-11-06 08:32:59,945 340282ms Home                   Page_Load          - hello there
INFO  2014-11-06 08:34:25,873 426211ms Home                   Page_Load          - hello there
INFO  2014-11-06 08:37:27,823 608161ms Home                   Page_Load          - hello there
INFO  2014-11-06 08:50:19,170 1379507ms Home                   Page_Load          - hello there
INFO  2014-11-06 08:55:19,743 1680080ms Home                   Page_Load          - hello there
INFO  2014-11-06 08:55:29,008 1689345ms Home                   Page_Load          - hello there
INFO  2014-11-06 08:56:44,922 1765259ms Home                   Page_Load          - hello there
INFO  2014-11-06 08:57:57,045 1837382ms Home                   Page_Load          - hello there
INFO  2014-11-06 09:02:12,492 2092830ms Home                   Page_Load          - hello there
INFO  2014-11-06 09:07:08,777 2389114ms Home                   Page_Load          - hello there
INFO  2014-11-06 09:07:11,099 2391436ms Home                   Page_Load          - hello there
INFO  2014-11-06 09:07:11,131 2391469ms ExcelExport            CreateSpreadsheet  - Hello, world from the new Excel class.
INFO  2014-11-06 09:07:11,418 2391755ms ExcelExport            CreateSpreadsheet  - QueryFile exception
ASNA.DataGate.Common.dgException: Object Not Found
   at ASNA.DataGate.DataLink.DataLink.ThrowExtendedError()
   at ASNA.DataGate.DataLink.DataLink.SndRcvParms(WriterDelegate outParms, ReaderDelegate inParms)
   at ASNA.DataGate.DataLink.DataLink.Call(MsgID msgID, WriterDelegate outParms, ReaderDelegate inParms)
   at ASNA.DataGate.DataLink.FileObject.get_FileAttr()
   at ASNA.DataGate.Client.FileFactory.MakeDataAttr(AdgConnection cn, String FileName, AccessMode mode, FileOpenAttr openAttr, AdgDataSet& ds, IFileData& fileProv, FileAttr& fileAttr)
   at ASNA.DataGate.Client.FileFactory.NewFileData(AdgConnection cn, String FileName, String MemberName, AccessMode mode, FileOpenAttr openAttr, AdgDataSet& ds, String QueryFile, String Query, String[] QueryKeys, KeyUsages[] QueryUsages)
   at ASNA.DataGate.Client.FileAdapter.OpenSimpleQuery(AdgDataSet& Ds, String QueryFile, String Query, String[] KeyNames, KeyUsages[] KeyFlags)
   at ASNA.Helpers.DataServices.QueryFile.ReadRowsWithSimpleQuery(Int32 RecordsToRead) in C:\rpDocuments\Programming\AVR\Other\ASNA.Helpers.DataServices\ASNA.Helpers.DataServices\QueryFile.vr:line 173
   at ASNA.Helpers.DataServices.QueryFile.GetQueryRows(Int32 RecordsToRead) in C:\rpDocuments\Programming\AVR\Other\ASNA.Helpers.DataServices\ASNA.Helpers.DataServices\QueryFile.vr:line 62
   at ASNA.Helpers.DataServices.QueryFile.Exec() in C:\rpDocuments\Programming\AVR\Other\ASNA.Helpers.DataServices\ASNA.Helpers.DataServices\QueryFile.vr:line 353
INFO  2014-11-06 09:09:08,456 2508793ms Home                   Page_Load          - hello there
INFO  2014-11-06 09:09:08,457 2508794ms ExcelExport            CreateSpreadsheet  - Hello, world from the new Excel class.
INFO  2014-11-06 09:29:25,981 880366ms Home                   Page_Load          - hello there
INFO  2014-11-06 10:32:03,409 54270ms Home                   Page_Load          - hello there
